Using pre-set license
Built from '2020.3/release' branch; Version is '2020.3.2f1 (8fd9074bf66c) revision 9427207'; Using compiler version '192528614'; Build Type 'Release'
OS: 'Windows 10 Home; OS build 19042.1110; Version 2009; 64bit' Language: 'en' Physical Memory: 16206 MB
BatchMode: 1, IsHumanControllingUs: 0, StartBugReporterOnCrash: 0, Is64bit: 1, IsPro: 0

 COMMAND LINE ARGUMENTS:
C:\Program Files\Unity\2020.3.2f1\Editor\Unity.exe
-adb2
-batchMode
-noUpm
-name
AssetImportWorker0
-projectPath
C:/Users/looby/Documents/Unity/GitHub/XRDev-APR21-PRJ-EarthElevator/XRDEV-PRJ-EarthElevator2
-logFile
Logs/AssetImportWorker0.log
-srvPort
51589
Successfully changed project path to: C:/Users/looby/Documents/Unity/GitHub/XRDev-APR21-PRJ-EarthElevator/XRDEV-PRJ-EarthElevator2
C:/Users/looby/Documents/Unity/GitHub/XRDev-APR21-PRJ-EarthElevator/XRDEV-PRJ-EarthElevator2
Using Asset Import Pipeline V2.
Refreshing native plugins compatible for Editor in 68.47 ms, found 10 plugins.
Preloading 1 native plugins for Editor in 0.61 ms.
Initialize engine version: 2020.3.2f1 (8fd9074bf66c)
[Subsystems] Discovering subsystems at path C:/Program Files/Unity/2020.3.2f1/Editor/Data/Resources/UnitySubsystems
[Subsystems] Discovering subsystems at path C:/Users/looby/Documents/Unity/GitHub/XRDev-APR21-PRJ-EarthElevator/XRDEV-PRJ-EarthElevator2/Assets
GfxDevice: creating device client; threaded=0
Direct3D:
    Version:  Direct3D 11.0 [level 11.1]
    Renderer: NVIDIA GeForce RTX 3070 Laptop GPU (ID=0x249d)
    Vendor:   
    VRAM:     8044 MB
    Driver:   30.0.14.7141
Initialize mono
Mono path[0] = 'C:/Program Files/Unity/2020.3.2f1/Editor/Data/Managed'
Mono path[1] = 'C:/Program Files/Unity/2020.3.2f1/Editor/Data/MonoBleedingEdge/lib/mono/unityjit'
Mono config path = 'C:/Program Files/Unity/2020.3.2f1/Editor/Data/MonoBleedingEdge/etc'
Using monoOptions --debugger-agent=transport=dt_socket,embedding=1,server=y,suspend=n,address=127.0.0.1:56492
Begin MonoManager ReloadAssembly
Registering precompiled unity dll's ...
Register platform support module: C:/Program Files/Unity/2020.3.2f1/Editor/Data/PlaybackEngines/WindowsStandaloneSupport/UnityEditor.WindowsStandalone.Extensions.dll
Registered in 0.001458 seconds.
Native extension for WindowsStandalone target not found
Refreshing native plugins compatible for Editor in 51.29 ms, found 10 plugins.
Preloading 1 native plugins for Editor in 0.07 ms.
Invoked RoslynAnalysisRunner static constructor.
RoslynAnalysisRunner will not be running.
RoslynAnalysisRunner has terminated.
Mono: successfully reloaded assembly
- Completed reload, in  1.448 seconds
Platform modules already initialized, skipping
Registering precompiled user dll's ...
Registered in 0.004007 seconds.
Begin MonoManager ReloadAssembly
Native extension for WindowsStandalone target not found
Refreshing native plugins compatible for Editor in 53.73 ms, found 10 plugins.
Preloading 1 native plugins for Editor in 0.07 ms.
Invoked RoslynAnalysisRunner static constructor.
RoslynAnalysisRunner will not be running.
RoslynAnalysisRunner has terminated.
[XR] OculusXRPlugin: registering subsystems
[XR] Unable to register display lifecyle provider: [1]
[XR] Oculus Input lifecycle provider registered.
[XR] Unable to register input lifecyle provider: [1]
NullReferenceException: Object reference not set to an instance of an object
  at Unity.XR.Oculus.OculusLoader.AssetPathToAbsolutePath (System.String assetPath) [0x00048] in C:\Users\looby\Documents\Unity\GitHub\XRDev-APR21-PRJ-EarthElevator\XRDEV-PRJ-EarthElevator2\Library\PackageCache\com.unity.xr.oculus@1.8.1\Runtime\OculusLoader.cs:243 
  at Unity.XR.Oculus.OculusLoader.EditorLoadOVRPlugin () [0x0007b] in C:\Users\looby\Documents\Unity\GitHub\XRDev-APR21-PRJ-EarthElevator\XRDEV-PRJ-EarthElevator2\Library\PackageCache\com.unity.xr.oculus@1.8.1\Runtime\OculusLoader.cs:228 

(Filename: Library/PackageCache/com.unity.xr.oculus@1.8.1/Runtime/OculusLoader.cs Line: 243)

Mono: successfully reloaded assembly
Fallback handler could not load library C:/Program Files/Unity/2020.3.2f1/Editor/Data/Mono/lib/libdl
Fallback handler could not load library C:/Program Files/Unity/2020.3.2f1/Editor/Data/Mono/lib/libdl.dll
Fallback handler could not load library C:/Program Files/Unity/2020.3.2f1/Editor/Data/Mono/lib/libdl
Fallback handler could not load library C:/Program Files/Unity/2020.3.2f1/Editor/Data/Mono/lib/libdl
Fallback handler could not load library C:/Program Files/Unity/2020.3.2f1/Editor/Data/Mono/lib/libdl.dll
Fallback handler could not load library C:/Program Files/Unity/2020.3.2f1/Editor/Data/Mono/lib/libdl
- Completed reload, in  0.943 seconds
Platform modules already initialized, skipping
========================================================================
Worker process is ready to serve import requests
Shader 'Universal Render Pipeline/Particles/Lit': fallback shader 'Universal Render Pipeline/Particles/SimpleLit' not found
Shader 'Universal Render Pipeline/Particles/Lit': fallback shader 'Universal Render Pipeline/Particles/SimpleLit' not found
Launched and connected shader compiler UnityShaderCompiler.exe after 0.03 seconds
Refreshing native plugins compatible for Editor in 0.91 ms, found 10 plugins.
Preloading 1 native plugins for Editor in 0.10 ms.
Unloading 3156 Unused Serialized files (Serialized files now loaded: 0)
System memory in use before: 149.0 MB.
System memory in use after: 146.6 MB.

Unloading 88 unused Assets to reduce memory usage. Loaded Objects now: 3546.
Total: 4.095000 ms (FindLiveObjects: 0.979100 ms CreateObjectMapping: 0.249000 ms MarkObjects: 1.750400 ms  DeleteObjects: 1.115500 ms)

========================================================================
Received Import Request.
  path: Assets/Scripts/MoveElevator.cs
  artifactKey: Guid(6b1b4e070b0c2d5429efab842b8480de) Importer(815301076,1909f56bfc062723c751e8b465ee728b)
Start importing Assets/Scripts/MoveElevator.cs using Guid(6b1b4e070b0c2d5429efab842b8480de) Importer(815301076,1909f56bfc062723c751e8b465ee728b)  -> (artifact id: 'd9cb0f9c777c87c2d22389fc2eb7aa2b') in 0.017894 seconds
  Import took 0.022350 seconds .

========================================================================
Received Prepare
Registering precompiled user dll's ...
Registered in 0.004737 seconds.
Begin MonoManager ReloadAssembly
Fallback handler could not load library C:/Program Files/Unity/2020.3.2f1/Editor/Data/Mono/lib/libdl
Fallback handler could not load library C:/Program Files/Unity/2020.3.2f1/Editor/Data/Mono/lib/libdl.dll
Fallback handler could not load library C:/Program Files/Unity/2020.3.2f1/Editor/Data/Mono/lib/libdl
Native extension for WindowsStandalone target not found
Refreshing native plugins compatible for Editor in 0.83 ms, found 10 plugins.
Preloading 1 native plugins for Editor in 0.07 ms.
Invoked RoslynAnalysisRunner static constructor.
RoslynAnalysisRunner will not be running.
RoslynAnalysisRunner has terminated.
NullReferenceException: Object reference not set to an instance of an object
  at Unity.XR.Oculus.OculusLoader.AssetPathToAbsolutePath (System.String assetPath) [0x00048] in C:\Users\looby\Documents\Unity\GitHub\XRDev-APR21-PRJ-EarthElevator\XRDEV-PRJ-EarthElevator2\Library\PackageCache\com.unity.xr.oculus@1.8.1\Runtime\OculusLoader.cs:243 
  at Unity.XR.Oculus.OculusLoader.EditorLoadOVRPlugin () [0x0007b] in C:\Users\looby\Documents\Unity\GitHub\XRDev-APR21-PRJ-EarthElevator\XRDEV-PRJ-EarthElevator2\Library\PackageCache\com.unity.xr.oculus@1.8.1\Runtime\OculusLoader.cs:228 

(Filename: Library/PackageCache/com.unity.xr.oculus@1.8.1/Runtime/OculusLoader.cs Line: 243)

Mono: successfully reloaded assembly
Fallback handler could not load library C:/Program Files/Unity/2020.3.2f1/Editor/Data/Mono/lib/libdl
Fallback handler could not load library C:/Program Files/Unity/2020.3.2f1/Editor/Data/Mono/lib/libdl.dll
Fallback handler could not load library C:/Program Files/Unity/2020.3.2f1/Editor/Data/Mono/lib/libdl
Fallback handler could not load library C:/Program Files/Unity/2020.3.2f1/Editor/Data/Mono/lib/libdl
Fallback handler could not load library C:/Program Files/Unity/2020.3.2f1/Editor/Data/Mono/lib/libdl.dll
Fallback handler could not load library C:/Program Files/Unity/2020.3.2f1/Editor/Data/Mono/lib/libdl
- Completed reload, in  0.880 seconds
Platform modules already initialized, skipping
Switching build target platform(5) subTarget(0) extendedPlatform(0) -> platform(13) subTarget(524288) extendedPlatform(0)
Shader 'Universal Render Pipeline/Particles/Lit': fallback shader 'Universal Render Pipeline/Particles/SimpleLit' not found
Shader 'Universal Render Pipeline/Particles/Lit': fallback shader 'Universal Render Pipeline/Particles/SimpleLit' not found
Refreshing native plugins compatible for Editor in 0.89 ms, found 10 plugins.
Preloading 1 native plugins for Editor in 0.07 ms.
Unloading 3029 Unused Serialized files (Serialized files now loaded: 0)
System memory in use before: 143.1 MB.
System memory in use after: 140.6 MB.

Unloading 83 unused Assets to reduce memory usage. Loaded Objects now: 3550.
Total: 4.290000 ms (FindLiveObjects: 0.440800 ms CreateObjectMapping: 0.183900 ms MarkObjects: 2.410400 ms  DeleteObjects: 1.253800 ms)

AssetImportParameters requested are different than current active one (requested -> active):
  custom:graphics/normal-map-encoding: 01000000000000000000000000000000 -> 02000000000000000000000000000000
AssetImportWorkerClient::OnTransportError - code=2 error=End of file
